0 info it worked if it ends with ok
1 verbose cli [ '/usr/bin/node',
1 verbose cli   '/usr/bin/npm',
1 verbose cli   'install',
1 verbose cli   'nodemailer',
1 verbose cli   '--save' ]
2 info using npm@3.5.2
3 info using node@v8.10.0
4 verbose config Skipping project config: /home/sorayasm/.npmrc. (matches userconfig)
5 silly loadCurrentTree Starting
6 silly install loadCurrentTree
7 silly install readLocalPackageData
8 silly fetchPackageMetaData nodemailer
9 silly fetchNamedPackageData nodemailer
10 silly mapToRegistry name nodemailer
11 silly mapToRegistry using default registry
12 silly mapToRegistry registry https://registry.npmjs.org/
13 silly mapToRegistry uri https://registry.npmjs.org/nodemailer
14 verbose request uri https://registry.npmjs.org/nodemailer
15 verbose request no auth needed
16 info attempt registry request try #1 at 19:04:47
17 verbose request id ec86afb04be0f98f
18 http request GET https://registry.npmjs.org/nodemailer
19 http 200 https://registry.npmjs.org/nodemailer
20 verbose headers { date: 'Tue, 31 Jul 2018 23:04:48 GMT',
20 verbose headers   'content-type': 'application/json; charset=UTF-8',
20 verbose headers   'transfer-encoding': 'chunked',
20 verbose headers   connection: 'keep-alive',
20 verbose headers   'set-cookie':
20 verbose headers    [ '__cfduid=d4bc90ae6b1a7b0fb4ae0e556409cbed91533078288; expires=Wed, 31-Jul-19 23:04:48 GMT; path=/; domain=.registry.npmjs.org; HttpOnly' ],
20 verbose headers   'cache-control': 'max-age=300',
20 verbose headers   'cf-cache-status': 'HIT',
20 verbose headers   'cf-ray': '4433b4c6194c80dc-SCL',
20 verbose headers   etag: 'W/"2d79c219169e58efdd585a8fa42f7d92"',
20 verbose headers   'expect-ct': 'max-age=604800, report-uri="https://report-uri.cloudflare.com/cdn-cgi/beacon/expect-ct"',
20 verbose headers   'last-modified': 'Fri, 15 Jun 2018 10:55:33 GMT',
20 verbose headers   vary: 'accept-encoding, accept',
20 verbose headers   server: 'cloudflare',
20 verbose headers   'content-encoding': 'gzip' }
21 silly get cb [ 200,
21 silly get   { date: 'Tue, 31 Jul 2018 23:04:48 GMT',
21 silly get     'content-type': 'application/json; charset=UTF-8',
21 silly get     'transfer-encoding': 'chunked',
21 silly get     connection: 'keep-alive',
21 silly get     'set-cookie':
21 silly get      [ '__cfduid=d4bc90ae6b1a7b0fb4ae0e556409cbed91533078288; expires=Wed, 31-Jul-19 23:04:48 GMT; path=/; domain=.registry.npmjs.org; HttpOnly' ],
21 silly get     'cache-control': 'max-age=300',
21 silly get     'cf-cache-status': 'HIT',
21 silly get     'cf-ray': '4433b4c6194c80dc-SCL',
21 silly get     etag: 'W/"2d79c219169e58efdd585a8fa42f7d92"',
21 silly get     'expect-ct': 'max-age=604800, report-uri="https://report-uri.cloudflare.com/cdn-cgi/beacon/expect-ct"',
21 silly get     'last-modified': 'Fri, 15 Jun 2018 10:55:33 GMT',
21 silly get     vary: 'accept-encoding, accept',
21 silly get     server: 'cloudflare',
21 silly get     'content-encoding': 'gzip' } ]
22 verbose get saving nodemailer to /home/sorayasm/.npm/registry.npmjs.org/nodemailer/.cache.json
23 silly install normalizeTree
24 silly loadCurrentTree Finishing
25 silly loadIdealTree Starting
26 silly install loadIdealTree
27 silly cloneCurrentTree Starting
28 silly install cloneCurrentTreeToIdealTree
29 silly cloneCurrentTree Finishing
30 silly loadShrinkwrap Starting
31 silly install loadShrinkwrap
32 silly loadShrinkwrap Finishing
33 silly loadAllDepsIntoIdealTree Starting
34 silly install loadAllDepsIntoIdealTree
35 silly resolveWithNewModule nodemailer@4.6.7 checking installable status
36 silly cache add args [ 'nodemailer', null ]
37 verbose cache add spec nodemailer
38 silly cache add parsed spec Result {
38 silly cache add   raw: 'nodemailer',
38 silly cache add   scope: null,
38 silly cache add   name: 'nodemailer',
38 silly cache add   rawSpec: '',
38 silly cache add   spec: 'latest',
38 silly cache add   type: 'tag' }
39 silly addNamed nodemailer@latest
40 verbose addNamed "latest" is being treated as a dist-tag for nodemailer
41 info addNameTag [ 'nodemailer', 'latest' ]
42 silly mapToRegistry name nodemailer
43 silly mapToRegistry using default registry
44 silly mapToRegistry registry https://registry.npmjs.org/
45 silly mapToRegistry uri https://registry.npmjs.org/nodemailer
46 verbose addNameTag registry:https://registry.npmjs.org/nodemailer not in flight; fetching
47 verbose get https://registry.npmjs.org/nodemailer not expired, no request
48 silly addNameTag next cb for nodemailer with tag latest
49 silly addNamed nodemailer@4.6.7
50 verbose addNamed "4.6.7" is a plain semver version for nodemailer
51 silly mapToRegistry name nodemailer
52 silly mapToRegistry using default registry
53 silly mapToRegistry registry https://registry.npmjs.org/
54 silly mapToRegistry uri https://registry.npmjs.org/nodemailer
55 verbose addRemoteTarball https://registry.npmjs.org/nodemailer/-/nodemailer-4.6.7.tgz not in flight; adding
56 verbose addRemoteTarball [ 'https://registry.npmjs.org/nodemailer/-/nodemailer-4.6.7.tgz',
56 verbose addRemoteTarball   'b68de7f36d65618bdeeeb76234e3547d51266373' ]
57 info retry fetch attempt 1 at 19:04:48
58 info attempt registry request try #1 at 19:04:48
59 http fetch GET https://registry.npmjs.org/nodemailer/-/nodemailer-4.6.7.tgz
60 http fetch 200 https://registry.npmjs.org/nodemailer/-/nodemailer-4.6.7.tgz
61 silly fetchAndShaCheck shasum b68de7f36d65618bdeeeb76234e3547d51266373
62 verbose addTmpTarball /tmp/npm-9173-b763559a/registry.npmjs.org/nodemailer/-/nodemailer-4.6.7.tgz not in flight; adding
63 verbose addTmpTarball already have metadata; skipping unpack for nodemailer@4.6.7
64 silly cache afterAdd nodemailer@4.6.7
65 verbose afterAdd /home/sorayasm/.npm/nodemailer/4.6.7/package/package.json not in flight; writing
66 verbose afterAdd /home/sorayasm/.npm/nodemailer/4.6.7/package/package.json written
67 silly loadAllDepsIntoIdealTree Finishing
68 silly idealTree:prePrune sorayasm
68 silly idealTree:prePrune ├── assertion-error@1.1.0
68 silly idealTree:prePrune ├── balanced-match@1.0.0
68 silly idealTree:prePrune ├── brace-expansion@1.1.11
68 silly idealTree:prePrune ├── browser-stdout@1.3.1
68 silly idealTree:prePrune ├── chai@4.1.2
68 silly idealTree:prePrune ├── check-error@1.0.2
68 silly idealTree:prePrune ├── commander@2.11.0
68 silly idealTree:prePrune ├── concat-map@0.0.1
68 silly idealTree:prePrune ├── debug@3.1.0
68 silly idealTree:prePrune ├── deep-eql@3.0.1
68 silly idealTree:prePrune ├── diff@3.5.0
68 silly idealTree:prePrune ├── escape-string-regexp@1.0.5
68 silly idealTree:prePrune ├── fs.realpath@1.0.0
68 silly idealTree:prePrune ├── get-func-name@2.0.0
68 silly idealTree:prePrune ├── glob@7.1.2
68 silly idealTree:prePrune ├── growl@1.10.3
68 silly idealTree:prePrune ├── has-flag@2.0.0
68 silly idealTree:prePrune ├── he@1.1.1
68 silly idealTree:prePrune ├── inflight@1.0.6
68 silly idealTree:prePrune ├── inherits@2.0.3
68 silly idealTree:prePrune ├── minimatch@3.0.4
68 silly idealTree:prePrune ├── minimist@0.0.8
68 silly idealTree:prePrune ├── mkdirp@0.5.1
68 silly idealTree:prePrune ├── mocha@5.1.1
68 silly idealTree:prePrune ├── ms@2.0.0
68 silly idealTree:prePrune ├── nodemailer@4.6.7
68 silly idealTree:prePrune ├── once@1.4.0
68 silly idealTree:prePrune ├── path-is-absolute@1.0.1
68 silly idealTree:prePrune ├── pathval@1.1.0
68 silly idealTree:prePrune ├── supports-color@4.4.0
68 silly idealTree:prePrune ├── type-detect@4.0.8
68 silly idealTree:prePrune └── wrappy@1.0.2
69 silly loadIdealTree Finishing
70 silly currentTree sorayasm
70 silly currentTree ├── assertion-error@1.1.0
70 silly currentTree ├── balanced-match@1.0.0
70 silly currentTree ├── brace-expansion@1.1.11
70 silly currentTree ├── browser-stdout@1.3.1
70 silly currentTree ├── chai@4.1.2
70 silly currentTree ├── check-error@1.0.2
70 silly currentTree ├── commander@2.11.0
70 silly currentTree ├── concat-map@0.0.1
70 silly currentTree ├── debug@3.1.0
70 silly currentTree ├── deep-eql@3.0.1
70 silly currentTree ├── diff@3.5.0
70 silly currentTree ├── escape-string-regexp@1.0.5
70 silly currentTree ├── fs.realpath@1.0.0
70 silly currentTree ├── get-func-name@2.0.0
70 silly currentTree ├── glob@7.1.2
70 silly currentTree ├── growl@1.10.3
70 silly currentTree ├── has-flag@2.0.0
70 silly currentTree ├── he@1.1.1
70 silly currentTree ├── inflight@1.0.6
70 silly currentTree ├── inherits@2.0.3
70 silly currentTree ├── minimatch@3.0.4
70 silly currentTree ├── minimist@0.0.8
70 silly currentTree ├── mkdirp@0.5.1
70 silly currentTree ├── mocha@5.1.1
70 silly currentTree ├── ms@2.0.0
70 silly currentTree ├── once@1.4.0
70 silly currentTree ├── path-is-absolute@1.0.1
70 silly currentTree ├── pathval@1.1.0
70 silly currentTree ├── supports-color@4.4.0
70 silly currentTree ├── type-detect@4.0.8
70 silly currentTree └── wrappy@1.0.2
71 silly idealTree sorayasm
71 silly idealTree ├── assertion-error@1.1.0
71 silly idealTree ├── balanced-match@1.0.0
71 silly idealTree ├── brace-expansion@1.1.11
71 silly idealTree ├── browser-stdout@1.3.1
71 silly idealTree ├── chai@4.1.2
71 silly idealTree ├── check-error@1.0.2
71 silly idealTree ├── commander@2.11.0
71 silly idealTree ├── concat-map@0.0.1
71 silly idealTree ├── debug@3.1.0
71 silly idealTree ├── deep-eql@3.0.1
71 silly idealTree ├── diff@3.5.0
71 silly idealTree ├── escape-string-regexp@1.0.5
71 silly idealTree ├── fs.realpath@1.0.0
71 silly idealTree ├── get-func-name@2.0.0
71 silly idealTree ├── glob@7.1.2
71 silly idealTree ├── growl@1.10.3
71 silly idealTree ├── has-flag@2.0.0
71 silly idealTree ├── he@1.1.1
71 silly idealTree ├── inflight@1.0.6
71 silly idealTree ├── inherits@2.0.3
71 silly idealTree ├── minimatch@3.0.4
71 silly idealTree ├── minimist@0.0.8
71 silly idealTree ├── mkdirp@0.5.1
71 silly idealTree ├── mocha@5.1.1
71 silly idealTree ├── ms@2.0.0
71 silly idealTree ├── nodemailer@4.6.7
71 silly idealTree ├── once@1.4.0
71 silly idealTree ├── path-is-absolute@1.0.1
71 silly idealTree ├── pathval@1.1.0
71 silly idealTree ├── supports-color@4.4.0
71 silly idealTree ├── type-detect@4.0.8
71 silly idealTree └── wrappy@1.0.2
72 silly generateActionsToTake Starting
73 silly install generateActionsToTake
74 warn checkPermissions Missing write access to /home/sorayasm/node_modules
75 silly rollbackFailedOptional Starting
76 silly rollbackFailedOptional Finishing
77 silly runTopLevelLifecycles Starting
78 silly runTopLevelLifecycles Finishing
79 silly install printInstalled
80 warn enoent ENOENT: no such file or directory, open '/home/sorayasm/package.json'
81 warn sorayasm No description
82 warn sorayasm No repository field.
83 warn sorayasm No README data
84 warn sorayasm No license field.
85 verbose stack Error: EACCES: permission denied, access '/home/sorayasm/node_modules'
86 verbose cwd /home/sorayasm/Documentos/scl-2018-01-ProyectoFinalCore
87 error Linux 4.15.0-29-generic
88 error argv "/usr/bin/node" "/usr/bin/npm" "install" "nodemailer" "--save"
89 error node v8.10.0
90 error npm  v3.5.2
91 error path /home/sorayasm/node_modules
92 error code EACCES
93 error errno -13
94 error syscall access
95 error Error: EACCES: permission denied, access '/home/sorayasm/node_modules'
95 error  { Error: EACCES: permission denied, access '/home/sorayasm/node_modules'
95 error   errno: -13,
95 error   code: 'EACCES',
95 error   syscall: 'access',
95 error   path: '/home/sorayasm/node_modules' }
96 error Please try running this command again as root/Administrator.
97 verbose exit [ -13, true ]
